<?xml version="1.0" encoding="UTF-8"?>
<robot generator="Robot 4.0.3 (Python 3.9.5 on win32)" generated="20210704 23:02:52.587" rpa="false" schemaversion="2">
<suite id="s1" name="Amazon" source="C:\development\robot-scripts\amazon\Tests\Amazon.robot">
<test id="s1-t1" name="User must sign in to check out">
<kw name="Open Browser" library="SeleniumLibrary">
<arg>http://www.amazon.com</arg>
<arg>chrome</arg>
<doc>Opens a new browser instance to the optional ``url``.</doc>
<msg timestamp="20210704 23:02:52.785" level="INFO">Opening browser 'chrome' to base url 'http://www.amazon.com'.</msg>
<status status="PASS" starttime="20210704 23:02:52.785" endtime="20210704 23:02:55.158"/>
</kw>
<kw name="Sleep" library="BuiltIn">
<arg>3s</arg>
<doc>Pauses the test executed for the given time.</doc>
<msg timestamp="20210704 23:02:58.170" level="INFO">Slept 3 seconds</msg>
<status status="PASS" starttime="20210704 23:02:55.159" endtime="20210704 23:02:58.170"/>
</kw>
<kw name="Close Browser" library="SeleniumLibrary">
<doc>Closes the current browser.</doc>
<status status="PASS" starttime="20210704 23:02:58.171" endtime="20210704 23:03:00.399"/>
</kw>
<doc>This is some basic info about the test</doc>
<tag>Smoke</tag>
<status status="PASS" starttime="20210704 23:02:52.784" endtime="20210704 23:03:00.400"/>
</test>
<doc>This is some basic info about the whole test</doc>
<status status="PASS" starttime="20210704 23:02:52.589" endtime="20210704 23:03:00.401"/>
</suite>
<statistics>
<total>
<stat pass="1" fail="0" skip="0">All Tests</stat>
</total>
<tag>
<stat pass="1" fail="0" skip="0">Smoke</stat>
</tag>
<suite>
<stat pass="1" fail="0" skip="0" id="s1" name="Amazon">Amazon</stat>
</suite>
</statistics>
<errors>
</errors>
</robot>
